[2026-03-16 13:54:30] [SYSTEM] King of Lab v3.0 started
[2026-03-16 13:54:30] [SYSTEM] Database initialised
[2026-03-16 13:54:37] [LOGIN] admin logged in successfully
[2026-03-16 13:54:37] [SYSTEM] King of Lab Admin started
[2026-03-16 13:54:37] [SYSTEM] King Server listening on port 5555
[2026-03-16 13:55:17] [SYSTEM] King of Lab v3.0 started
[2026-03-16 13:55:17] [SYSTEM] Database initialised
[2026-03-16 13:55:21] [LOGIN] shree LOGIN FAILED
[2026-03-16 13:55:44] [LOGIN] shree logged in successfully
[2026-03-16 13:55:45] [SYSTEM] Student shree discovered admin at 127.0.0.1
[2026-03-16 13:55:45] [SYSTEM] Connected to admin at 127.0.0.1
[2026-03-16 13:55:45] [CONNECT] Student connected: shree (Roll:73 SYA)
[2026-03-16 13:55:58] [SYSTEM] Stream Mode switched to ULTRA_WEBRTC
[2026-03-16 13:55:58] [SYSTEM] Switching Stream Mode to: ULTRA_WEBRTC
[2026-03-16 13:56:01] [SYSTEM] Stream Mode switched to LEGACY_CPU
[2026-03-16 13:56:01] [SYSTEM] Switching Stream Mode to: LEGACY_CPU
[2026-03-16 13:56:24] [SYSTEM] Stream Mode switched to ULTRA_WEBRTC
[2026-03-16 13:56:24] [SYSTEM] Switching Stream Mode to: ULTRA_WEBRTC
[2026-03-16 13:58:11] [COMMAND] admin → ALL: LOCK ALL
[2026-03-16 13:58:26] [SYSTEM] Switching Stream Mode to: LEGACY_CPU
[2026-03-16 13:58:26] [SYSTEM] Stream Mode switched to LEGACY_CPU
[2026-03-16 13:58:29] [SYSTEM] Switching Stream Mode to: ULTRA_WEBRTC
[2026-03-16 13:58:29] [SYSTEM] Stream Mode switched to ULTRA_WEBRTC
[2026-03-16 13:58:31] [SYSTEM] Switching Stream Mode to: LEGACY_CPU
[2026-03-16 13:58:31] [SYSTEM] Stream Mode switched to LEGACY_CPU
[2026-03-16 13:58:51] [COMMAND] admin → ALL: UNLOCK ALL
[2026-03-16 13:59:27] [DISCONNECT] Student disconnected: shree
